<?xml version="1.0" encoding="UTF-8"?>
<!-- Generated by org.testng.reporters.JUnitReportReporter -->
<testsuite hostname="DESKTOP-1CCS179" failures="0" tests="1" name="ai.ds.testbase.TestBase" time="22.249" errors="0" timestamp="2022-12-05T18:46:21 IST" skipped="0">
  <testcase classname="ai.ds.testbase.TestBase" name="setup" time="22.249"/>
  <system-out/>
</testsuite> <!-- ai.ds.testbase.TestBase -->
