<?xml version="1.0" encoding="UTF-8"?>
<!-- Generated by org.testng.reporters.JUnitReportReporter -->
<testsuite hostname="DESKTOP-SJ5IB4V" failures="0" tests="1" name="ai.ds.testlayer.LoginPageTest" time="13.531" errors="0" timestamp="2022-12-08T23:18:39 IST" skipped="0">
  <testcase classname="ai.ds.testlayer.LoginPageTest" name="verifyLoginTest" time="13.531"/>
  <system-out/>
</testsuite> <!-- ai.ds.testlayer.LoginPageTest -->
