<?xml version="1.0" encoding="UTF-8"?>
<!-- Generated by org.testng.reporters.JUnitReportReporter -->
<testsuite hostname="DESKTOP-SJ5IB4V" failures="0" tests="4" name="sample.Sample1" time="0.007" errors="0" timestamp="2022-12-08T23:18:39 IST" skipped="0">
  <testcase classname="sample.Sample1" name="test" time="0.002"/>
  <system-out/>
  <testcase classname="sample.Sample1" name="test" time="0.002"/>
  <system-out/>
  <testcase classname="sample.Sample1" name="test" time="0.001"/>
  <system-out/>
  <testcase classname="sample.Sample1" name="test" time="0.002"/>
  <system-out/>
</testsuite> <!-- sample.Sample1 -->
