<?xml version="1.0" encoding="UTF-8"?>
<!-- Generated by org.testng.reporters.JUnitReportReporter -->
<testsuite hostname="DESKTOP-SJ5IB4V" failures="0" tests="1" name="sample.Sample2" time="0.001" errors="0" timestamp="2022-12-08T23:18:39 IST" skipped="0">
  <testcase classname="sample.Sample2" name="test" time="0.001"/>
  <system-out/>
</testsuite> <!-- sample.Sample2 -->
